make all --print-data-base --no-builtin-variables --no-builtin-rules --question
make: *** Makefile: Is a directory.  Stop.

# GNU Make 4.3
 
# Built for x86_64-unknown-linux-gnu
 
# Copyright (C) 1988-2020 Free Software Foundation, Inc.
 
# License GPLv3+: GNU GPL version 3 or later <http://gnu.org/licenses/gpl.html>
 
# This is free software: you are free to change and redistribute it.
 
# There is NO WARRANTY, to the extent permitted by law.
 

 
# Make data base, printed on Mon May 16 01:41:37 2022
 

# Variables
 

 
# environment
 
GDK_BACKEND = x11
 
# environment
 
LC_ALL = C
 
# environment
 
GNOME_SHELL_SESSION_MODE = zorin
 
# environment
 
PULSE_SERVER = unix:/run/flatpak/pulse/native
 
# environment
 
GJS_DEBUG_OUTPUT = stderr
 
# environment
 
VSCODE_IPC_HOOK_EXTHOST = /run/user/1000/vscode-ipc-9ef13ee0-185a-4423-9697-86fc5bf004e8.sock
 
# environment
 
SBX_CHROME_API_RQ = 1
 
# environment
 
LC_NAME = pt_BR.UTF-8
# environment
LC_NUMERIC = pt_BR.UTF-8
# environment
VSCODE_CWD = /home/neto
# environment
WINDOWPATH = 2
# environment
LC_ADDRESS = pt_BR.UTF-8
# default
MAKE_COMMAND := make
# environment
QT_ACCESSIBILITY = 1
# automatic
@D = $(patsubst %/,%,$(dir $@))
# environment
VSCODE_HANDLES_UNCAUGHT_ERRORS = true
# default
.VARIABLES := 
# environment
PWD = /home/neto/djalv/Workspace
# environment
ZYPAK_ZYGOTE_STRATEGY_SPAWN = 1
# automatic
%D = $(patsubst %/,%,$(dir $%))
 
# environment
GI_TYPELIB_PATH = /app/lib/girepository-1.0
# environment
XDG_DATA_DIRS = /app/share:/usr/share:/usr/share/runtime/share:/run/host/user-share:/run/host/share
# automatic
^D = $(patsubst %/,%,$(dir $^))
# environment
VSCODE_LOG_STACK = false
# automatic
%F = $(notdir $%)
# environment
VSCODE_CODE_CACHE_PATH = /home/neto/.var/app/com.visualstudio.code/config/Code/CachedData/57fd6d0195bb9b9d1b49f6da5db789060795de47
# environment
LANG = C
# environment
XAUTHORITY = /run/flatpak/Xauthority
# default
.LOADED := 
# default
.INCLUDE_DIRS = /usr/include /usr/include
# environment
ALSA_CONFIG_DIR = /usr/share/alsa
# makefile
MAKEFLAGS = pqrR
# environment
ZYPAK_SPAWN_LATEST_ON_REEXEC = 0
# makefile
CURDIR := /home/neto/djalv/Workspace
# environment
VSCODE_PIPE_LOGGING = true
# environment
APPLICATION_INSIGHTS_NO_DIAGNOSTIC_CHANNEL = 1
# automatic
*D = $(patsubst %/,%,$(dir $*))
# environment
ZYPAK_LIB = /app/bin/../lib
# environment
MFLAGS = -pqrR
# environment
SSH_AUTH_SOCK = /run/flatpak/ssh-auth
# default
.SHELLFLAGS := -c
# environment
XDG_CONFIG_DIRS = /app/etc/xdg:/etc/xdg
# automatic
+D = $(patsubst %/,%,$(dir $+))
# environment
ALSA_CONFIG_PATH = /usr/share/alsa/alsa-flatpak.conf
# environment
XDG_SESSION_DESKTOP = zorin
# makefile (from 'Makefile', line 1)
MAKEFILE_LIST := Makefile
# environment
FLATPAK_SANDBOX_DIR = /home/neto/.var/app/com.visualstudio.code/sandbox
# automatic
@F = $(notdir $@)
# environment
VSCODE_VERBOSE_LOGGING = true
# environment
VSCODE_PID = 23
# environment
XDG_SESSION_TYPE = x11
# automatic
?D = $(patsubst %/,%,$(dir $?))
# environment
AT_SPI_BUS_ADDRESS = unix:path=/run/flatpak/at-spi-bus
# environment
XDG_DATA_HOME = /home/neto/.var/app/com.visualstudio.code/data
# environment
SANDBOX_LD_PRELOAD = /app/bin/../lib/libzypak-preload-host.so:/app/bin/../lib/libzypak-preload-host-spawn-strategy.so
# environment
SESSION_MANAGER = local/djalvPC:@/tmp/.ICE-unix/2315,unix/djalvPC:/tmp/.ICE-unix/2315
# automatic
*F = $(notdir $*)
# environment
QT_QPA_PLATFORMTHEME = gtk3
# environment
CHROME_DESKTOP = code-url-handler.desktop
# environment
DBUS_SESSION_BUS_ADDRESS = unix:path=/run/flatpak/bus
# automatic
<D = $(patsubst %/,%,$(dir $<))
# environment
VSCODE_NLS_CONFIG = {"locale":"en-us","availableLanguages":{},"_languagePackSupport":true}
# environment
__EGL_EXTERNAL_PLATFORM_CONFIG_DIRS = /etc/egl/egl_external_platform.d:/usr/lib/x86_64-linux-gnu/GL/egl/egl_external_platform.d:/usr/share/egl/egl_external_platform.d
# default
MAKE_HOST := x86_64-unknown-linux-gnu
# environment
GNOME_DESKTOP_SESSION_ID = this-is-deprecated
# makefile
SHELL = /bin/sh
# default
MAKECMDGOALS := all
# environment
XMODIFIERS = @im=ibus
# environment
 
LD_LIBRARY_PATH = /app/lib
# environment
GJS_DEBUG_TOPICS = JS ERROR;JS LOG
# environment
SANDBOX_LD_LIBRARY_PATH = /app/lib
# environment
SHLVL = 0
# environment
MAKELEVEL := 0
# default
MAKE = $(MAKE_COMMAND)
# environment
PATH = /app/bin:/app/bin:/app/bin:/usr/bin:/home/neto/.var/app/com.visualstudio.code/data/node_modules/bin
# default
MAKEFILES := 
# environment
LC_MONETARY = pt_BR.UTF-8
# automatic
^F = $(notdir $^)
# environment
DBUS_SYSTEM_BUS_ADDRESS = unix:path=/run/dbus/system_bus_socket
# environment
LC_TIME = pt_BR.UTF-8
# environment
XDG_CONFIG_HOME = /home/neto/.var/app/com.visualstudio.code/config
# environment
INVOCATION_ID = 4c3c9bf59b3842d09186a93fa362a3f6
# environment
VSCODE_LOG_NATIVE = false
# environment
USERNAME = neto
# environment
LC_TELEPHONE = pt_BR.UTF-8
# automatic
?F = $(notdir $?)
# environment
XDG_CURRENT_DESKTOP = zorin:GNOME
# automatic
+F = $(notdir $+)
# environment
DESKTOP_SESSION = zorin
# environment
GST_PLUGIN_SYSTEM_PATH = /app/lib/gstreamer-1.0:/usr/lib/extensions/gstreamer-1.0:/usr/lib/x86_64-linux-gnu/gstreamer-1.0
# environment
ORIGINAL_XDG_CURRENT_DESKTOP = zorin:GNOME
# environment
GNUMAKEFLAGS := 
# environment
LOGNAME = neto
# environment
container = flatpak
# environment
GIO_LAUNCHED_DESKTOP_FILE = /var/lib/flatpak/exports/share/applications/com.visualstudio.code.desktop
# makefile
.DEFAULT_GOAL := 
# environment
NPM_CONFIG_GLOBALCONFIG = /app/etc/npmrc
# environment
GTK_MODULES = gail:atk-bridge
# environment
USER = neto
# environment
DISPLAY = :99.0
# default
MAKE_VERSION := 4.3
# environment
MANAGERPID = 2084
# environment
LC_MEASUREMENT = pt_BR.UTF-8
# environment
GIO_LAUNCHED_DESKTOP_FILE_PID = 2789
# environment
QT_STYLE_OVERRIDE = adwaita
# environment
SSH_AGENT_PID = 2281
# environment
_ = /usr/bin/make
# environment
LC_PAPER = pt_BR.UTF-8
# environment
XDG_RUNTIME_DIR = /run/user/1000
# environment
GPG_AGENT_INFO = /run/user/1000/gnupg/S.gpg-agent:0:1
# environment
PULSE_CLIENTCONFIG = /run/flatpak/pulse/config
# environment
LC_CTYPE = pt_BR.UTF-8
# environment
JOURNAL_STREAM = 8:44923
# environment
XDG_SESSION_CLASS = user
# environment
VSCODE_AMD_ENTRYPOINT = vs/workbench/api/node/extensionHostProcess
# environment
HOME = /home/neto
# environment
QT_IM_MODULE = ibus
# environment
ELECTRON_RUN_AS_NODE = 1
# environment
VSCODE_IPC_HOOK = /run/user/1000/vscode-b0338c6e-1.67.0-main.sock
# environment
IM_CONFIG_PHASE = 1
# default
.RECIPEPREFIX := 
# automatic
<F = $(notdir $<)
# default
SUFFIXES := 
# environment
XDG_CACHE_HOME = /home/neto/.var/app/com.visualstudio.code/cache
# environment
VSCODE_CLI = 1
# environment
ELECTRON_NO_ATTACH_CONSOLE = 1
# default
.FEATURES := target-specific order-only second-expansion else-if shortest-stem undefine oneshell nocomment grouped-target extra-prereqs archives jobserver output-sync check-symlink load
# environment
FLATPAK_ID = com.visualstudio.code
# environment
XDG_MENU_PREFIX = gnome-
# environment
ZYPAK_BIN = /app/bin
# environment
GDMSESSION = zorin
# environment
LC_IDENTIFICATION = pt_BR.UTF-8
# variable set hash-table stats:
 
# Load=132/1024=13%, Rehash=0, Collisions=10/143=7%

# Pattern-specific Variable Values

# No pattern-specific variable values.

# Directories

# . (device 2066, inode 4589971): 8 files, no impossibilities.

# 8 files, no impossibilities in 1 directories.

# Implicit Rules

# No implicit rules.

# Files

# Not a target:
Makefile:
#  Implicit rule search has not been done.
#  Modification time never checked.
#  File has not been updated.

# Not a target:
.DEFAULT:
#  Implicit rule search has not been done.
#  Modification time never checked.
#  File has not been updated.

# Not a target:
all:
#  Command line target.
#  Implicit rule search has not been done.
#  Modification time never checked.
#  File has not been updated.

# files hash-table stats:
# Load=4/1024=0%, Rehash=0, Collisions=0/5=0%
# VPATH Search Paths

# No 'vpath' search paths.

# No general ('VPATH' variable) search path.

# strcache buffers: 1 (0) / strings = 12 / storage = 97 B / avg = 8 B
# current buf: size = 8162 B / used = 97 B / count = 12 / avg = 8 B

# strcache performance: lookups = 16 / hit rate = 25%
# hash-table stats:
 
# Load=12/8192=0%, Rehash=0, Collisions=0/16=0%
# Finished Make data base on Mon May 16 01:41:37 2022

 
